#
# There is insufficient memory for the Java Runtime Environment to continue.
# Native memory allocation (malloc) failed to allocate 586816 bytes for Chunk::new
# Possible reasons:
#   The system is out of physical RAM or swap space
#   In 32 bit mode, the process size limit was hit
# Possible solutions:
#   Reduce memory load on the system
#   Increase physical memory or swap space
#   Check if swap backing store is full
#   Use 64 bit Java on a 64 bit OS
#   Decrease Java heap size (-Xmx/-Xms)
#   Decrease number of Java threads
#   Decrease Java thread stack sizes (-Xss)
#   Set larger code cache with -XX:ReservedCodeCacheSize=
# This output file may be truncated or incomplete.
#
#  Out of Memory Error (allocation.cpp:390), pid=16008, tid=0x0000000000000a38
#
# JRE version: OpenJDK Runtime Environment (8.0_152-b06) (build 1.8.0_152-release-1136-b06)
# Java VM: OpenJDK 64-Bit Server VM (25.152-b06 mixed mode windows-amd64 compressed oops)
# Failed to write core dump. Minidumps are not enabled by default on client versions of Windows
#

---------------  T H R E A D  ---------------

Current thread (0x0000000016cef800):  JavaThread "C2 CompilerThread1" daemon [_thread_in_native, id=2616, stack(0x0000000018460000,0x0000000018560000)]

Stack: [0x0000000018460000,0x0000000018560000]
[error occurred during error reporting (printing stack bounds), id 0xc0000005]

Native frames: (J=compiled Java code, j=interpreted, Vv=VM code, C=native code)


Current CompileTask:
C2: 312318 10012 %     4       com.android.tools.r8.ir.regalloc.LinearScanRegisterAllocator::performLinearScan @ 657 (800 bytes)


---------------  P R O C E S S  ---------------

Java Threads: ( => current thread )
  0x000000001d048000 JavaThread "ForkJoinPool.commonPool-worker-3" daemon [_thread_in_Java, id=3312, stack(0x0000000026530000,0x0000000026630000)]
  0x000000001d045800 JavaThread "ForkJoinPool.commonPool-worker-2" daemon [_thread_blocked, id=13772, stack(0x0000000026430000,0x0000000026530000)]
  0x000000001d047000 JavaThread "ForkJoinPool.commonPool-worker-1" daemon [_thread_blocked, id=12044, stack(0x0000000026330000,0x0000000026430000)]
  0x000000001d045000 JavaThread "Cache worker for Java compile cache (C:\Users\black\AndroidStudioProjects\MusicalStructure\.gradle\4.6\javaCompile)" [_thread_blocked, id=13412, stack(0x0000000026230000,0x0000000026330000)]
  0x000000001d044000 JavaThread "Task worker for ':' Thread 3" [_thread_blocked, id=10100, stack(0x0000000026130000,0x0000000026230000)]
  0x000000001b945800 JavaThread "Task worker for ':' Thread 2" [_thread_blocked, id=3592, stack(0x0000000026030000,0x0000000026130000)]
  0x000000001b942800 JavaThread "Task worker for ':'" [_thread_blocked, id=15876, stack(0x0000000025f30000,0x0000000026030000)]
  0x000000001b942000 JavaThread "Cache worker for Build Output Cleanup Cache (C:\Users\black\AndroidStudioProjects\MusicalStructure\.gradle\buildOutputCleanup)" [_thread_blocked, id=14748, stack(0x0000000025e30000,0x0000000025f30000)]
  0x000000001b945000 JavaThread "Cache worker for task history cache (C:\Users\black\AndroidStudioProjects\MusicalStructure\.gradle\4.6\taskHistory)" [_thread_blocked, id=14184, stack(0x0000000025d30000,0x0000000025e30000)]
  0x000000001b941000 JavaThread "Cache worker for file content cache (C:\Users\black\AndroidStudioProjects\MusicalStructure\.gradle\4.6\fileContent)" [_thread_blocked, id=216, stack(0x0000000025c30000,0x0000000025d30000)]
  0x000000001959a800 JavaThread "Build operations Thread 4" [_thread_blocked, id=12784, stack(0x0000000025b30000,0x0000000025c30000)]
  0x000000001959a000 JavaThread "Build operations Thread 3" [_thread_blocked, id=3060, stack(0x0000000025a30000,0x0000000025b30000)]
  0x0000000019597000 JavaThread "Build operations Thread 2" [_thread_blocked, id=14552, stack(0x0000000025930000,0x0000000025a30000)]
  0x000000001959d000 JavaThread "Build operations" [_thread_blocked, id=17292, stack(0x0000000025830000,0x0000000025930000)]
  0x0000000019599000 JavaThread "Cache worker for Artifact transforms cache (C:\Users\black\.gradle\caches\transforms-1)" [_thread_blocked, id=13912, stack(0x0000000025730000,0x0000000025830000)]
  0x0000000019598800 JavaThread "Cache worker for file hash cache (C:\Users\black\AndroidStudioProjects\MusicalStructure\.gradle\4.6\fileHashes)" [_thread_blocked, id=17304, stack(0x0000000025630000,0x0000000025730000)]
  0x000000001959c800 JavaThread "Stdin handler" [_thread_blocked, id=4288, stack(0x0000000025530000,0x0000000025630000)]
  0x000000001959e000 JavaThread "Asynchronous log dispatcher for DefaultDaemonConnection: socket connection from /127.0.0.1:62118 to /127.0.0.1:62183" [_thread_blocked, id=15848, stack(0x0000000025430000,0x0000000025530000)]
  0x0000000019591000 JavaThread "Daemon worker Thread 2" [_thread_blocked, id=7416, stack(0x0000000025330000,0x0000000025430000)]
  0x000000001958f800 JavaThread "Cancel handler" [_thread_blocked, id=1728, stack(0x0000000025230000,0x0000000025330000)]
  0x0000000019596000 JavaThread "Handler for socket connection from /127.0.0.1:62118 to /127.0.0.1:62183" [_thread_in_native, id=12864, stack(0x0000000025130000,0x0000000025230000)]
  0x0000000019594800 JavaThread "Daemon Thread 2" [_thread_blocked, id=10596, stack(0x0000000025030000,0x0000000025130000)]
  0x0000000019591800 JavaThread "Memory manager" [_thread_blocked, id=15044, stack(0x0000000021430000,0x0000000021530000)]
  0x000000001b944000 JavaThread "pool-1-thread-1" [_thread_blocked, id=5244, stack(0x0000000021130000,0x0000000021230000)]
  0x0000000019e22800 JavaThread "File lock request listener" [_thread_in_native, id=16056, stack(0x000000001b7d0000,0x000000001b8d0000)]
  0x0000000019ff9800 JavaThread "Cache worker for file hash cache (C:\Users\black\.gradle\caches\4.6\fileHashes)" [_thread_blocked, id=2780, stack(0x000000001b6d0000,0x000000001b7d0000)]
  0x0000000019ca9800 JavaThread "Daemon periodic checks" [_thread_blocked, id=16064, stack(0x000000001abd0000,0x000000001acd0000)]
  0x0000000019b5e800 JavaThread "Incoming local TCP Connector on port 62118" [_thread_in_native, id=14520, stack(0x000000001a970000,0x000000001aa70000)]
  0x000000001868b800 JavaThread "Service Thread" daemon [_thread_blocked, id=6556, stack(0x0000000018a60000,0x0000000018b60000)]
  0x0000000016cf4800 JavaThread "C1 CompilerThread2" daemon [_thread_in_vm, id=3352, stack(0x0000000018560000,0x0000000018660000)]
=>0x0000000016cef800 JavaThread "C2 CompilerThread1" daemon [_thread_in_native, id=2616, stack(0x0000000018460000,0x0000000018560000)]
  0x0000000016cec800 JavaThread "C2 CompilerThread0" daemon [_thread_in_native, id=5248, stack(0x0000000018360000,0x0000000018460000)]
  0x0000000016ceb000 JavaThread "Attach Listener" daemon [_thread_blocked, id=7276, stack(0x0000000018260000,0x0000000018360000)]
  0x0000000016cf7800 JavaThread "Signal Dispatcher" daemon [_thread_blocked, id=8980, stack(0x0000000018160000,0x0000000018260000)]
  0x0000000016cd8800 JavaThread "Finalizer" daemon [_thread_blocked, id=11364, stack(0x0000000017f50000,0x0000000018050000)]
  0x0000000003372000 JavaThread "Reference Handler" daemon [_thread_blocked, id=11544, stack(0x0000000017e50000,0x0000000017f50000)]
  0x0000000003282800 JavaThread "main" [_thread_blocked, id=13840, stack(0x0000000003110000,0x0000000003210000)]

Other Threads:
  0x0000000016cb5800 VMThread [stack: 0x0000000017d50000,0x0000000017e50000] [id=11796]
  0x000000001868c000 WatcherThread [stack: 0x0000000018b60000,0x0000000018c60000] [id=4812]

VM state:not at safepoint (normal execution)

VM Mutex/Monitor currently owned by a thread: None

Heap:
 PSYoungGen      total 166912K, used 10251K [0x00000000e0000000, 0x00000000ecd00000, 0x0000000100000000)
  eden space 146944K, 6% used [0x00000000e0000000,0x00000000e0a02d60,0x00000000e8f80000)
  from space 19968K, 0% used [0x00000000eb980000,0x00000000eb980000,0x00000000ecd00000)
  to   space 18432K, 0% used [0x00000000e8f80000,0x00000000e8f80000,0x00000000ea180000)
 ParOldGen       total 144384K, used 44916K [0x00000000a0000000, 0x00000000a8d00000, 0x00000000e0000000)
  object space 144384K, 31% used [0x00000000a0000000,0x00000000a2bdd170,0x00000000a8d00000)
 Metaspace       used 73077K, capacity 75396K, committed 75800K, reserved 1116160K
  class space    used 9602K, capacity 10135K, committed 10272K, reserved 1048576K

Card table byte_map: [0x0000000012740000,0x0000000012a50000] byte_map_base: 0x0000000012240000

Marking Bits: (ParMarkBitMap*) 0x0000000052125aa0
 Begin Bits: [0x0000000013050000, 0x0000000014850000)
 End Bits:   [0x0000000014850000, 0x0000000016050000)

Polling page: 0x00000000012e0000

CodeCache: size=245760Kb used=27499Kb max_used=27499Kb free=218260Kb
 bounds [0x0000000003380000, 0x0000000004e80000, 0x0000000012380000]
 total_blobs=9469 nmethods=8640 adapters=741
 compilation: enabled

Compilation events (10 events):
Event: 312.262 Thread 0x0000000016cf4800 10107       3       com.android.tools.r8.ir.code.Invoke::addInvokeAndMoveResult (173 bytes)
Event: 312.263 Thread 0x0000000016cf4800 nmethod 10107 0x0000000004e71a90 code [0x0000000004e71d80, 0x0000000004e73558]
Event: 312.263 Thread 0x0000000016cf4800 10109       3       com.android.tools.r8.ir.code.BasicBlock::buildDex (36 bytes)
Event: 312.264 Thread 0x0000000016cf4800 nmethod 10109 0x0000000004e74150 code [0x0000000004e74360, 0x0000000004e74d48]
Event: 312.265 Thread 0x0000000016cf4800 10098       3       com.android.tools.r8.code.Format21c::<init> (42 bytes)
Event: 312.265 Thread 0x0000000016cf4800 nmethod 10098 0x0000000004e75290 code [0x0000000004e75400, 0x0000000004e756b0]
Event: 312.265 Thread 0x0000000016cf4800 10108       3       com.android.tools.r8.code.Format35c::<init> (208 bytes)
Event: 312.266 Thread 0x0000000016cf4800 nmethod 10108 0x0000000004e757d0 code [0x0000000004e75940, 0x0000000004e75c50]
Event: 312.266 Thread 0x0000000016cf4800 10105       3       com.android.tools.r8.code.Format23x::<init> (101 bytes)
Event: 312.266 Thread 0x0000000016cf4800 nmethod 10105 0x0000000004e75dd0 code [0x0000000004e75f40, 0x0000000004e761f0]

GC Heap History (10 events):
Event: 19.010 GC heap before
{Heap before GC invocations=16 (full 2):
 PSYoungGen      total 140288K, used 124712K [0x00000000e0000000, 0x00000000eb000000, 0x0000000100000000)
  eden space 126464K, 88% used [0x00000000e0000000,0x00000000e6d7f300,0x00000000e7b80000)
  from space 13824K, 91% used [0x00000000e7b80000,0x00000000e87caf60,0x00000000e8900000)
  to   space 14848K, 0% used [0x00000000ea180000,0x00000000ea180000,0x00000000eb000000)
 ParOldGen       total 90112K, used 22052K [0x00000000a0000000, 0x00000000a5800000, 0x00000000e0000000)
  object space 90112K, 24% used [0x00000000a0000000,0x00000000a15890d8,0x00000000a5800000)
 Metaspace       used 57329K, capacity 59036K, committed 59160K, reserved 1099776K
  class space    used 7759K, capacity 8155K, committed 8224K, reserved 1048576K
Event: 19.033 GC heap after
Heap after GC invocations=16 (full 2):
 PSYoungGen      total 161792K, used 14835K [0x00000000e0000000, 0x00000000eb580000, 0x0000000100000000)
  eden space 146944K, 0% used [0x00000000e0000000,0x00000000e0000000,0x00000000e8f80000)
  from space 14848K, 99% used [0x00000000ea180000,0x00000000eaffce50,0x00000000eb000000)
  to   space 18432K, 0% used [0x00000000e8f80000,0x00000000e8f80000,0x00000000ea180000)
 ParOldGen       total 90112K, used 26474K [0x00000000a0000000, 0x00000000a5800000, 0x00000000e0000000)
  object space 90112K, 29% used [0x00000000a0000000,0x00000000a19da9b0,0x00000000a5800000)
 Metaspace       used 57329K, capacity 59036K, committed 59160K, reserved 1099776K
  class space    used 7759K, capacity 8155K, committed 8224K, reserved 1048576K
}
Event: 19.033 GC heap before
{Heap before GC invocations=17 (full 3):
 PSYoungGen      total 161792K, used 14835K [0x00000000e0000000, 0x00000000eb580000, 0x0000000100000000)
  eden space 146944K, 0% used [0x00000000e0000000,0x00000000e0000000,0x00000000e8f80000)
  from space 14848K, 99% used [0x00000000ea180000,0x00000000eaffce50,0x00000000eb000000)
  to   space 18432K, 0% used [0x00000000e8f80000,0x00000000e8f80000,0x00000000ea180000)
 ParOldGen       total 90112K, used 26474K [0x00000000a0000000, 0x00000000a5800000, 0x00000000e0000000)
  object space 90112K, 29% used [0x00000000a0000000,0x00000000a19da9b0,0x00000000a5800000)
 Metaspace       used 57329K, capacity 59036K, committed 59160K, reserved 1099776K
  class space    used 7759K, capacity 8155K, committed 8224K, reserved 1048576K
Event: 19.292 GC heap after
Heap after GC invocations=17 (full 3):
 PSYoungGen      total 161792K, used 0K [0x00000000e0000000, 0x00000000eb580000, 0x0000000100000000)
  eden space 146944K, 0% used [0x00000000e0000000,0x00000000e0000000,0x00000000e8f80000)
  from space 14848K, 0% used [0x00000000ea180000,0x00000000ea180000,0x00000000eb000000)
  to   space 18432K, 0% used [0x00000000e8f80000,0x00000000e8f80000,0x00000000ea180000)
 ParOldGen       total 144384K, used 37428K [0x00000000a0000000, 0x00000000a8d00000, 0x00000000e0000000)
  object space 144384K, 25% used [0x00000000a0000000,0x00000000a248d318,0x00000000a8d00000)
 Metaspace       used 57329K, capacity 59036K, committed 59160K, reserved 1099776K
  class space    used 7759K, capacity 8155K, committed 8224K, reserved 1048576K
}
Event: 311.424 GC heap before
{Heap before GC invocations=18 (full 3):
 PSYoungGen      total 161792K, used 146944K [0x00000000e0000000, 0x00000000eb580000, 0x0000000100000000)
  eden space 146944K, 100% used [0x00000000e0000000,0x00000000e8f80000,0x00000000e8f80000)
  from space 14848K, 0% used [0x00000000ea180000,0x00000000ea180000,0x00000000eb000000)
  to   space 18432K, 0% used [0x00000000e8f80000,0x00000000e8f80000,0x00000000ea180000)
 ParOldGen       total 144384K, used 37428K [0x00000000a0000000, 0x00000000a8d00000, 0x00000000e0000000)
  object space 144384K, 25% used [0x00000000a0000000,0x00000000a248d318,0x00000000a8d00000)
 Metaspace       used 69258K, capacity 71538K, committed 71832K, reserved 1112064K
  class space    used 9113K, capacity 9612K, committed 9632K, reserved 1048576K
Event: 311.445 GC heap after
Heap after GC invocations=18 (full 3):
 PSYoungGen      total 165376K, used 16534K [0x00000000e0000000, 0x00000000ecd00000, 0x0000000100000000)
  eden space 146944K, 0% used [0x00000000e0000000,0x00000000e0000000,0x00000000e8f80000)
  from space 18432K, 89% used [0x00000000e8f80000,0x00000000e9fa59f0,0x00000000ea180000)
  to   space 19968K, 0% used [0x00000000eb980000,0x00000000eb980000,0x00000000ecd00000)
 ParOldGen       total 144384K, used 37436K [0x00000000a0000000, 0x00000000a8d00000, 0x00000000e0000000)
  object space 144384K, 25% used [0x00000000a0000000,0x00000000a248f318,0x00000000a8d00000)
 Metaspace       used 69258K, capacity 71538K, committed 71832K, reserved 1112064K
  class space    used 9113K, capacity 9612K, committed 9632K, reserved 1048576K
}
Event: 311.805 GC heap before
{Heap before GC invocations=19 (full 3):
 PSYoungGen      total 165376K, used 36750K [0x00000000e0000000, 0x00000000ecd00000, 0x0000000100000000)
  eden space 146944K, 13% used [0x00000000e0000000,0x00000000e13bdfe8,0x00000000e8f80000)
  from space 18432K, 89% used [0x00000000e8f80000,0x00000000e9fa59f0,0x00000000ea180000)
  to   space 19968K, 0% used [0x00000000eb980000,0x00000000eb980000,0x00000000ecd00000)
 ParOldGen       total 144384K, used 37436K [0x00000000a0000000, 0x00000000a8d00000, 0x00000000e0000000)
  object space 144384K, 25% used [0x00000000a0000000,0x00000000a248f318,0x00000000a8d00000)
 Metaspace       used 72808K, capacity 75118K, committed 75160K, reserved 1118208K
  class space    used 9597K, capacity 10120K, committed 10144K, reserved 1048576K
Event: 311.829 GC heap after
Heap after GC invocations=19 (full 3):
 PSYoungGen      total 166912K, used 14650K [0x00000000e0000000, 0x00000000ecd00000, 0x0000000100000000)
  eden space 146944K, 0% used [0x00000000e0000000,0x00000000e0000000,0x00000000e8f80000)
  from space 19968K, 73% used [0x00000000eb980000,0x00000000ec7ceb18,0x00000000ecd00000)
  to   space 18432K, 0% used [0x00000000e8f80000,0x00000000e8f80000,0x00000000ea180000)
 ParOldGen       total 144384K, used 37444K [0x00000000a0000000, 0x00000000a8d00000, 0x00000000e0000000)
  object space 144384K, 25% used [0x00000000a0000000,0x00000000a2491318,0x00000000a8d00000)
 Metaspace       used 72808K, capacity 75118K, committed 75160K, reserved 1118208K
  class space    used 9597K, capacity 10120K, committed 10144K, reserved 1048576K
}
Event: 311.829 GC heap before
{Heap before GC invocations=20 (full 4):
 PSYoungGen      total 166912K, used 14650K [0x00000000e0000000, 0x00000000ecd00000, 0x0000000100000000)
  eden space 146944K, 0% used [0x00000000e0000000,0x00000000e0000000,0x00000000e8f80000)
  from space 19968K, 73% used [0x00000000eb980000,0x00000000ec7ceb18,0x00000000ecd00000)
  to   space 18432K, 0% used [0x00000000e8f80000,0x00000000e8f80000,0x00000000ea180000)
 ParOldGen       total 144384K, used 37444K [0x00000000a0000000, 0x00000000a8d00000, 0x00000000e0000000)
  object space 144384K, 25% used [0x00000000a0000000,0x00000000a2491318,0x00000000a8d00000)
 Metaspace       used 72808K, capacity 75118K, committed 75160K, reserved 1118208K
  class space    used 9597K, capacity 10120K, committed 10144K, reserved 1048576K
Event: 312.043 GC heap after
Heap after GC invocations=20 (full 4):
 PSYoungGen      total 166912K, used 0K [0x00000000e0000000, 0x00000000ecd00000, 0x0000000100000000)
  eden space 146944K, 0% used [0x00000000e0000000,0x00000000e0000000,0x00000000e8f80000)
  from space 19968K, 0% used [0x00000000eb980000,0x00000000eb980000,0x00000000ecd00000)
  to   space 18432K, 0% used [0x00000000e8f80000,0x00000000e8f80000,0x00000000ea180000)
 ParOldGen       total 144384K, used 44916K [0x00000000a0000000, 0x00000000a8d00000, 0x00000000e0000000)
  object space 144384K, 31% used [0x00000000a0000000,0x00000000a2bdd170,0x00000000a8d00000)
 Metaspace       used 72773K, capacity 75016K, committed 75160K, reserved 1116160K
  class space    used 9585K, capacity 10099K, committed 10144K, reserved 1048576K
}

Deoptimization events (10 events):
Event: 311.193 Thread 0x000000001d045800 Uncommon trap: reason=unstable_if action=reinterpret pc=0x000000000408b794 method=sun.nio.fs.WindowsPathParser.isSlash(C)Z @ 9
Event: 311.193 Thread 0x000000001d047000 Uncommon trap: reason=unstable_if action=reinterpret pc=0x000000000408b794 method=sun.nio.fs.WindowsPathParser.isSlash(C)Z @ 9
Event: 311.193 Thread 0x000000001d048000 Uncommon trap: reason=unstable_if action=reinterpret pc=0x00000000034aceb8 method=sun.nio.fs.WindowsPathParser.isSlash(C)Z @ 9
Event: 311.193 Thread 0x000000001d045800 Uncommon trap: reason=unstable_if action=reinterpret pc=0x00000000034aceb8 method=sun.nio.fs.WindowsPathParser.isSlash(C)Z @ 9
Event: 311.193 Thread 0x000000001d048000 Uncommon trap: reason=unstable_if action=reinterpret pc=0x00000000040883e4 method=sun.nio.fs.WindowsPathParser.isSlash(C)Z @ 9
Event: 311.209 Thread 0x000000001d048000 Uncommon trap: reason=unstable_if action=reinterpret pc=0x0000000004a1c360 method=java.nio.file.FileTreeWalker.getAttributes(Ljava/nio/file/Path;Z)Ljava/nio/file/attribute/BasicFileAttributes; @ 35
Event: 311.331 Thread 0x000000001d048000 Uncommon trap: reason=bimorphic action=maybe_recompile pc=0x0000000004887c40 method=java.util.concurrent.ConcurrentHashMap.putVal(Ljava/lang/Object;Ljava/lang/Object;Z)Ljava/lang/Object; @ 192
Event: 311.333 Thread 0x000000001d048000 Uncommon trap: reason=bimorphic action=maybe_recompile pc=0x0000000004887c40 method=java.util.concurrent.ConcurrentHashMap.putVal(Ljava/lang/Object;Ljava/lang/Object;Z)Ljava/lang/Object; @ 192
Event: 311.333 Thread 0x000000001d048000 Uncommon trap: reason=bimorphic action=maybe_recompile pc=0x0000000004887c40 method=java.util.concurrent.ConcurrentHashMap.putVal(Ljava/lang/Object;Ljava/lang/Object;Z)Ljava/lang/Object; @ 192
Event: 311.333 Thread 0x000000001d048000 Uncommon trap: reason=bimorphic action=maybe_recompile pc=0x0000000004887c40 method=java.util.concurrent.ConcurrentHashMap.putVal(Ljava/lang/Object;Ljava/lang/Object;Z)Ljava/lang/Object; @ 192

Classes redefined (0 events):
No events

Internal exceptions (10 events):
Event: 19.546 Thread 0x0000000019c9e000 Exception <a 'java/lang/NoSuchMethodError': <clinit>> (0x00000000e16ce5c0) thrown at [D:\src\AOSP-openjdk-cygwin\jdk8u\hotspot\src\share\vm\prims\jni.cpp, line 1613]
Event: 19.549 Thread 0x0000000019ca2800 Exception <a 'java/lang/NoSuchMethodError': <clinit>> (0x00000000e1946460) thrown at [D:\src\AOSP-openjdk-cygwin\jdk8u\hotspot\src\share\vm\prims\jni.cpp, line 1613]
Event: 308.464 Thread 0x0000000019591000 Exception <a 'sun/nio/fs/WindowsException'> (0x00000000e2e42098) thrown at [D:\src\AOSP-openjdk-cygwin\jdk8u\hotspot\src\share\vm\prims\jni.cpp, line 709]
Event: 308.469 Thread 0x0000000019591000 Exception <a 'sun/nio/fs/WindowsException'> (0x00000000e2e4f770) thrown at [D:\src\AOSP-openjdk-cygwin\jdk8u\hotspot\src\share\vm\prims\jni.cpp, line 709]
Event: 311.187 Thread 0x000000001d045800 Exception <a 'java/lang/NoSuchMethodError': java.lang.Object.lambda$and$0(Ljava/util/function/Predicate;Ljava/lang/Object;)Z> (0x00000000e82933a0) thrown at [D:\src\AOSP-openjdk-cygwin\jdk8u\hotspot\src\share\vm\interpreter\linkResolver.cpp, line 584]
Event: 311.187 Thread 0x000000001d048000 Exception <a 'java/lang/NoSuchMethodError': java.lang.Object.lambda$and$0(Ljava/util/function/Predicate;Ljava/lang/Object;)Z> (0x00000000e7a7cfc8) thrown at [D:\src\AOSP-openjdk-cygwin\jdk8u\hotspot\src\share\vm\interpreter\linkResolver.cpp, line 584]
Event: 311.187 Thread 0x000000001d047000 Exception <a 'java/lang/NoSuchMethodError': java.lang.Object.lambda$and$0(Ljava/util/function/Predicate;Ljava/lang/Object;)Z> (0x00000000e7e63a70) thrown at [D:\src\AOSP-openjdk-cygwin\jdk8u\hotspot\src\share\vm\interpreter\linkResolver.cpp, line 584]
Event: 311.190 Thread 0x000000001d045800 Exception <a 'java/lang/NoSuchMethodError': java.lang.Object.lambda$static$0(Ljava/lang/String;)Z> (0x00000000e82a5bb8) thrown at [D:\src\AOSP-openjdk-cygwin\jdk8u\hotspot\src\share\vm\interpreter\linkResolver.cpp, line 584]
Event: 311.275 Thread 0x000000001d048000 Exception <a 'sun/nio/fs/WindowsException'> (0x00000000e86e5e70) thrown at [D:\src\AOSP-openjdk-cygwin\jdk8u\hotspot\src\share\vm\prims\jni.cpp, line 709]
Event: 311.575 Thread 0x000000001d048000 Exception <a 'java/lang/NoSuchMethodError': java.lang.Object.lambda$comparingInt$7b0bb60$1(Ljava/util/function/ToIntFunction;Ljava/lang/Object;Ljava/lang/Object;)I> (0x00000000e080cd90) thrown at [D:\src\AOSP-openjdk-cygwin\jdk8u\hotspot\src\share\vm\inte

Events (10 events):
Event: 312.252 loading class com/android/tools/r8/code/MoveObjectFrom16
Event: 312.252 loading class com/android/tools/r8/code/MoveObjectFrom16 done
Event: 312.252 loading class com/android/tools/r8/code/Move16
Event: 312.252 loading class com/android/tools/r8/code/Move16 done
Event: 312.252 loading class com/android/tools/r8/code/Format32x
Event: 312.252 loading class com/android/tools/r8/code/Format32x done
Event: 312.253 loading class com/android/tools/r8/code/MoveWide16
Event: 312.253 loading class com/android/tools/r8/code/MoveWide16 done
Event: 312.253 loading class com/android/tools/r8/code/MoveObject16
Event: 312.253 loading class com/android/tools/r8/code/MoveObject16 done


Dynamic libraries:
0x00007ff6c8180000 - 0x00007ff6c81b1000 	C:\Program Files\Android\Android Studio1\jre\bin\java.exe
0x00007ffbd72d0000 - 0x00007ffbd74b1000 	C:\WINDOWS\SYSTEM32\ntdll.dll
0x00007ffbd4ed0000 - 0x00007ffbd4f82000 	C:\WINDOWS\System32\KERNEL32.DLL
0x00007ffbd3bf0000 - 0x00007ffbd3e63000 	C:\WINDOWS\System32\KERNELBASE.dll
0x00007ffbd55b0000 - 0x00007ffbd5651000 	C:\WINDOWS\System32\ADVAPI32.dll
0x00007ffbd7030000 - 0x00007ffbd70ce000 	C:\WINDOWS\System32\msvcrt.dll
0x00007ffbd4730000 - 0x00007ffbd478b000 	C:\WINDOWS\System32\sechost.dll
0x00007ffbd70d0000 - 0x00007ffbd71f4000 	C:\WINDOWS\System32\RPCRT4.dll
0x00007ffbd49c0000 - 0x00007ffbd4b50000 	C:\WINDOWS\System32\USER32.dll
0x00007ffbd3810000 - 0x00007ffbd3830000 	C:\WINDOWS\System32\win32u.dll
0x00007ffbd7000000 - 0x00007ffbd7028000 	C:\WINDOWS\System32\GDI32.dll
0x00007ffbd3670000 - 0x00007ffbd3802000 	C:\WINDOWS\System32\gdi32full.dll
0x00007ffbd3880000 - 0x00007ffbd391f000 	C:\WINDOWS\System32\msvcp_win.dll
0x00007ffbd3e70000 - 0x00007ffbd3f6a000 	C:\WINDOWS\System32\ucrtbase.dll
0x00007ffbbb4d0000 - 0x00007ffbbb739000 	C:\WINDOWS\WinSxS\amd64_microsoft.windows.common-controls_6595b64144ccf1df_6.0.17134.345_none_fb429a5930656358\COMCTL32.dll
0x00007ffbd5140000 - 0x00007ffbd5463000 	C:\WINDOWS\System32\combase.dll
0x00007ffbd3920000 - 0x00007ffbd399a000 	C:\WINDOWS\System32\bcryptPrimitives.dll
0x00007ffbd4c40000 - 0x00007ffbd4c6d000 	C:\WINDOWS\System32\IMM32.DLL
0x00000000509a0000 - 0x0000000050a72000 	C:\Program Files\Android\Android Studio1\jre\jre\bin\msvcr100.dll
0x0000000051960000 - 0x00000000521a1000 	C:\Program Files\Android\Android Studio1\jre\jre\bin\server\jvm.dll
0x00007ffbd55a0000 - 0x00007ffbd55a8000 	C:\WINDOWS\System32\PSAPI.DLL
0x00007ffbc6170000 - 0x00007ffbc617a000 	C:\WINDOWS\SYSTEM32\VERSION.dll
0x00007ffbd2200000 - 0x00007ffbd2209000 	C:\WINDOWS\SYSTEM32\WSOCK32.dll
0x00007ffbd1330000 - 0x00007ffbd1353000 	C:\WINDOWS\SYSTEM32\WINMM.dll
0x00007ffbd7200000 - 0x00007ffbd726c000 	C:\WINDOWS\System32\WS2_32.dll
0x00007ffbd1300000 - 0x00007ffbd132a000 	C:\WINDOWS\SYSTEM32\winmmbase.dll
0x00007ffbd3830000 - 0x00007ffbd3879000 	C:\WINDOWS\System32\cfgmgr32.dll
0x00007ffbc9830000 - 0x00007ffbc983f000 	C:\Program Files\Android\Android Studio1\jre\jre\bin\verify.dll
0x00007ffbbfe90000 - 0x00007ffbbfeb9000 	C:\Program Files\Android\Android Studio1\jre\jre\bin\java.dll
0x00007ffbbfd50000 - 0x00007ffbbfd66000 	C:\Program Files\Android\Android Studio1\jre\jre\bin\zip.dll
0x00007ffbd5b60000 - 0x00007ffbd6f9f000 	C:\WINDOWS\System32\SHELL32.dll
0x00007ffbd54f0000 - 0x00007ffbd5599000 	C:\WINDOWS\System32\shcore.dll
0x00007ffbd3f70000 - 0x00007ffbd467d000 	C:\WINDOWS\System32\windows.storage.dll
0x00007ffbd4c70000 - 0x00007ffbd4cc1000 	C:\WINDOWS\System32\shlwapi.dll
0x00007ffbd35e0000 - 0x00007ffbd35f1000 	C:\WINDOWS\System32\kernel.appcore.dll
0x00007ffbd3600000 - 0x00007ffbd361f000 	C:\WINDOWS\System32\profapi.dll
0x00007ffbd3620000 - 0x00007ffbd366c000 	C:\WINDOWS\System32\powrprof.dll
0x00007ffbd35b0000 - 0x00007ffbd35ba000 	C:\WINDOWS\System32\FLTLIB.DLL
0x00007ffbbafd0000 - 0x00007ffbbafea000 	C:\Program Files\Android\Android Studio1\jre\jre\bin\net.dll
0x00007ffbd2e30000 - 0x00007ffbd2e96000 	C:\WINDOWS\system32\mswsock.dll
0x00007ffbbafb0000 - 0x00007ffbbafc1000 	C:\Program Files\Android\Android Studio1\jre\jre\bin\nio.dll
0x00007ffbb9390000 - 0x00007ffbb93ae000 	C:\Users\black\.gradle\native\25\windows-amd64\native-platform.dll
0x00007ffbc97f0000 - 0x00007ffbc97fd000 	C:\Program Files\Android\Android Studio1\jre\jre\bin\management.dll
0x00007ffbd2fe0000 - 0x00007ffbd2ff7000 	C:\WINDOWS\SYSTEM32\CRYPTSP.dll
0x00007ffbd2a10000 - 0x00007ffbd2a43000 	C:\WINDOWS\system32\rsaenh.dll
0x00007ffbd3110000 - 0x00007ffbd3135000 	C:\WINDOWS\SYSTEM32\bcrypt.dll
0x00007ffbd34e0000 - 0x00007ffbd3508000 	C:\WINDOWS\SYSTEM32\USERENV.dll
0x00007ffbd3000000 - 0x00007ffbd300b000 	C:\WINDOWS\SYSTEM32\CRYPTBASE.dll
0x00007ffbd2bb0000 - 0x00007ffbd2be8000 	C:\WINDOWS\SYSTEM32\IPHLPAPI.DLL
0x00007ffbd5b50000 - 0x00007ffbd5b58000 	C:\WINDOWS\System32\NSI.dll
0x00007ffbcadb0000 - 0x00007ffbcadc6000 	C:\WINDOWS\SYSTEM32\dhcpcsvc6.DLL
0x00007ffbcae40000 - 0x00007ffbcae5a000 	C:\WINDOWS\SYSTEM32\dhcpcsvc.DLL

VM Arguments:
jvm_args: -Xmx1536m -Dfile.encoding=windows-1252 -Duser.country=ES -Duser.language=es -Duser.variant 
java_command: org.gradle.launcher.daemon.bootstrap.GradleDaemon 4.6
java_class_path (initial): C:\Users\black\.gradle\wrapper\dists\gradle-4.6-all\bcst21l2brirad8k2ben1letg\gradle-4.6\lib\gradle-launcher-4.6.jar
Launcher Type: SUN_STANDARD

Environment Variables:
JAVA_HOME=C:\Program Files\Java\jdk1.8.0_66
USERNAME=black
OS=Windows_NT
PROCESSOR_IDENTIFIER=Intel64 Family 6 Model 61 Stepping 4, GenuineIntel



---------------  S Y S T E M  ---------------

OS: Windows 10.0 , 64 bit Build 17134 (10.0.17134.1)

CPU:total 4 (initial active 4) (2 cores per cpu, 2 threads per core) family 6 model 61 stepping 4, cmov, cx8, fxsr, mmx, sse, sse2, sse3, ssse3, sse4.1, sse4.2, popcnt, avx, avx2, aes, clmul, erms, 3dnowpref, lzcnt, ht, tsc, tscinvbit, bmi1, bmi2, adx

Memory: 4k page, physical 8289364k(996088k free), swap 8289364k(2636k free)

vm_info: OpenJDK 64-Bit Server VM (25.152-b06) for windows-amd64 JRE (1.8.0_152-release-1136-b06), built by "builder" with MS VC++ 10.0 (VS2010)

time: Mon Nov 05 06:00:34 2018
elapsed time: 312 seconds (0d 0h 5m 12s)

